2018-04-17 01:36:09.198 [main] DEBUG com.liangweibang.o2o.util.ImageUtil - current relativeAddr is upload/item/shop/3/2018041701360995115.jpeg
2018-04-17 01:36:09.202 [main] DEBUG com.liangweibang.o2o.util.ImageUtil - current complete addr is /Users/liangweibang/workspace/eclipse-workspace/o2o/img/upload/item/shop/3/2018041701360995115.jpeg
2018-04-17 01:36:10.607 [main] DEBUG c.l.o2o.dao.split.DynamicDataSourceInterceptor - 设置方法[com.liangweibang.o2o.dao.ProductDao.insertProduct] use [master] Strategy, SqlCommanType [INSERT]...
2018-04-17 01:36:10.609 [main] DEBUG c.l.o2o.dao.split.DynamicDataSourceHolder - 所使用的数据源为：master
2018-04-17 01:36:10.617 [main] DEBUG com.liangweibang.o2o.dao.ProductDao.insertProduct - ==>  Preparing: INSERT INTO tb_product(`name`, `desc`, `addr`, `normal_price`, `promotion_price`, `priority`, `create_time`, `update_time`, `status`, `product_category_id`, `shop_id`) VALUES (?, ?, ?, ?, ?, ?, ?, ?, ?, ?, ?) 
2018-04-17 01:36:10.657 [main] DEBUG com.liangweibang.o2o.dao.ProductDao.insertProduct - ==> Parameters: 测试商品1(String), 测试商品1(String), upload/item/shop/3/2018041701360995115.jpeg(String), null, null, 20(Integer), 2018-04-17 01:36:09.195(Timestamp), 2018-04-17 01:36:09.195(Timestamp), 1(Integer), 31(Long), 3(Long)
2018-04-17 01:36:10.658 [main] DEBUG com.liangweibang.o2o.dao.ProductDao.insertProduct - <==    Updates: 1
2018-04-17 01:38:39.004 [main] DEBUG com.liangweibang.o2o.util.ImageUtil - current relativeAddr is upload/item/shop/3/2018041701383993614.jpeg
2018-04-17 01:38:39.006 [main] DEBUG com.liangweibang.o2o.util.ImageUtil - current complete addr is /Users/liangweibang/workspace/eclipse-workspace/o2o/img/upload/item/shop/3/2018041701383993614.jpeg
2018-04-17 01:38:40.328 [main] DEBUG c.l.o2o.dao.split.DynamicDataSourceInterceptor - 设置方法[com.liangweibang.o2o.dao.ProductDao.insertProduct] use [master] Strategy, SqlCommanType [INSERT]...
2018-04-17 01:38:40.329 [main] DEBUG c.l.o2o.dao.split.DynamicDataSourceHolder - 所使用的数据源为：master
2018-04-17 01:38:40.336 [main] DEBUG com.liangweibang.o2o.dao.ProductDao.insertProduct - ==>  Preparing: INSERT INTO tb_product(`name`, `desc`, `addr`, `normal_price`, `promotion_price`, `priority`, `create_time`, `update_time`, `status`, `product_category_id`, `shop_id`) VALUES (?, ?, ?, ?, ?, ?, ?, ?, ?, ?, ?) 
2018-04-17 01:38:40.362 [main] DEBUG com.liangweibang.o2o.dao.ProductDao.insertProduct - ==> Parameters: 测试商品1(String), 测试商品1(String), upload/item/shop/3/2018041701383993614.jpeg(String), null, null, 20(Integer), 2018-04-17 01:38:39.002(Timestamp), 2018-04-17 01:38:39.002(Timestamp), 1(Integer), 31(Long), 3(Long)
2018-04-17 01:38:40.363 [main] DEBUG com.liangweibang.o2o.dao.ProductDao.insertProduct - <==    Updates: 1
2018-04-17 01:38:40.370 [main] DEBUG com.liangweibang.o2o.util.ImageUtil - current relativeAddr is upload/item/shop/3/2018041701384094872.jpeg
2018-04-17 01:38:40.370 [main] DEBUG com.liangweibang.o2o.util.ImageUtil - current complete addr is /Users/liangweibang/workspace/eclipse-workspace/o2o/img/upload/item/shop/3/2018041701384094872.jpeg
2018-04-17 01:38:40.443 [main] DEBUG com.liangweibang.o2o.util.ImageUtil - current relativeAddr is upload/item/shop/3/2018041701384093479.jpeg
2018-04-17 01:38:40.444 [main] DEBUG com.liangweibang.o2o.util.ImageUtil - current complete addr is /Users/liangweibang/workspace/eclipse-workspace/o2o/img/upload/item/shop/3/2018041701384093479.jpeg
2018-04-17 01:38:40.482 [main] DEBUG c.l.o2o.dao.split.DynamicDataSourceInterceptor - 设置方法[com.liangweibang.o2o.dao.ProductImgDao.batchInsertProductImg] use [master] Strategy, SqlCommanType [INSERT]...
2018-04-17 01:38:40.483 [main] DEBUG c.l.o2o.dao.split.DynamicDataSourceHolder - 所使用的数据源为：master
2018-04-17 01:38:40.504 [main] DEBUG c.l.o2o.dao.ProductImgDao.batchInsertProductImg - ==>  Preparing: INSERT INTO tb_product_img(`addr`, `desc`, `priority`, `create_time`, `update_time`, `product_id`) VALUES (?, ?, ?, ?, ?, ?) , (?, ?, ?, ?, ?, ?) 
2018-04-17 01:38:40.505 [main] DEBUG c.l.o2o.dao.ProductImgDao.batchInsertProductImg - ==> Parameters: upload/item/shop/3/2018041701384094872.jpeg(String), null, null, 2018-04-17 01:38:40.443(Timestamp), null, 13(Long), upload/item/shop/3/2018041701384093479.jpeg(String), null, null, 2018-04-17 01:38:40.482(Timestamp), null, 13(Long)
2018-04-17 01:38:40.506 [main] DEBUG c.l.o2o.dao.ProductImgDao.batchInsertProductImg - <==    Updates: 2
